INFO  [2021-04-22 14:47:55] Inputs recieved:
INFO  [2021-04-22 14:47:55] data (head):
INFO  [2021-04-22 14:47:55] c(34268.068838497, 7989.85019236151, 594.286377944245, 50.1352705673128, 698.225353510625, 546.596730331435)c(41274.4618518115, 9117.66142749829, 672.560531750342, 112.96915181744, 1229.52472210609, 534.633078949979)c(41246.4916854995, 9493.75485598282, 713.382717830967, 132.107910709438, 1055.66230466906, 559.657149005439)c(29344.7126779444, 6820.91938301778, 72.0395916289874, 127.387082758575, 410.274259643136, 746.751864446821)c(22932.5107924837, 6899.05050107067, 107.083079725592, 141.661990886981, 366.98263780958, 732.292102498447)c(24643.327189291, 7711.52782477406, 113.925545824173, 295.590605381637, 464.939389714867, 648.14398367536)c(24424.9876515564, 7387.36146127956, 122.391005661394, 256.755044485315, 383.137061200885, 762.283111347594)
INFO  [2021-04-22 14:47:55] countsData (head):
INFO  [2021-04-22 14:47:55] 
INFO  [2021-04-22 14:47:55] annotation (head):
INFO  [2021-04-22 14:47:55] c("treated", "treated", "treated", "untreated", "untreated", "untreated")c("single-read", "paired-end", "paired-end", "single-read", "single-read", "paired-end")c("treated:single-read", "treated:paired-end", "treated:paired-end", "untreated:single-read", "untreated:single-read", "untreated:paired-end")
INFO  [2021-04-22 14:47:55] targetCol: gene
INFO  [2021-04-22 14:47:55] sampleCol: sampleID
INFO  [2021-04-22 14:47:55] mode: counts
INFO  [2021-04-22 14:47:55] plotName: ContrApption
INFO  [2021-04-22 14:47:55] yAxisName: Expression
INFO  [2021-04-22 14:47:55] showLegend: FALSE
INFO  [2021-04-22 14:47:55] scaleWidth: 1
INFO  [2021-04-22 14:47:55] Inputs submitted to JS:
INFO  [2021-04-22 14:47:55] data (head):
INFO  [2021-04-22 14:47:55] c(34268.068838497, 7989.85019236151, 594.286377944245, 50.1352705673128, 698.225353510625, 546.596730331435)c(41274.4618518115, 9117.66142749829, 672.560531750342, 112.96915181744, 1229.52472210609, 534.633078949979)c(41246.4916854995, 9493.75485598282, 713.382717830967, 132.107910709438, 1055.66230466906, 559.657149005439)c(29344.7126779444, 6820.91938301778, 72.0395916289874, 127.387082758575, 410.274259643136, 746.751864446821)c(22932.5107924837, 6899.05050107067, 107.083079725592, 141.661990886981, 366.98263780958, 732.292102498447)c(24643.327189291, 7711.52782477406, 113.925545824173, 295.590605381637, 464.939389714867, 648.14398367536)c(24424.9876515564, 7387.36146127956, 122.391005661394, 256.755044485315, 383.137061200885, 762.283111347594)c("FBgn0000043", "FBgn0000064", "FBgn0000071", "FBgn0000079", "FBgn0000116", "FBgn0000139")
INFO  [2021-04-22 14:47:55] countsData (head):
INFO  [2021-04-22 14:47:55] c(34268.068838497, 7989.85019236151, 594.286377944245, 50.1352705673128, 698.225353510625, 546.596730331435)c(41274.4618518115, 9117.66142749829, 672.560531750342, 112.96915181744, 1229.52472210609, 534.633078949979)c(41246.4916854995, 9493.75485598282, 713.382717830967, 132.107910709438, 1055.66230466906, 559.657149005439)c(29344.7126779444, 6820.91938301778, 72.0395916289874, 127.387082758575, 410.274259643136, 746.751864446821)c(22932.5107924837, 6899.05050107067, 107.083079725592, 141.661990886981, 366.98263780958, 732.292102498447)c(24643.327189291, 7711.52782477406, 113.925545824173, 295.590605381637, 464.939389714867, 648.14398367536)c(24424.9876515564, 7387.36146127956, 122.391005661394, 256.755044485315, 383.137061200885, 762.283111347594)c("FBgn0000043", "FBgn0000064", "FBgn0000071", "FBgn0000079", "FBgn0000116", "FBgn0000139")
INFO  [2021-04-22 14:47:55] annotation (head):
INFO  [2021-04-22 14:47:55] c("treated", "treated", "treated", "untreated", "untreated", "untreated")c("single-read", "paired-end", "paired-end", "single-read", "single-read", "paired-end")c("treated:single-read", "treated:paired-end", "treated:paired-end", "untreated:single-read", "untreated:single-read", "untreated:paired-end")c("treated1", "treated2", "treated3", "untreated1", "untreated2", "untreated3")
INFO  [2021-04-22 14:47:55] targetCol: gene
INFO  [2021-04-22 14:47:55] sampleCol: sampleID
INFO  [2021-04-22 14:47:55] mode: counts
INFO  [2021-04-22 14:47:55] plotName: ContrApption
INFO  [2021-04-22 14:47:55] yAxisName: Expression
INFO  [2021-04-22 14:47:55] showLegend: FALSE
INFO  [2021-04-22 14:47:55] scaleWidth: 1
INFO  [2021-04-22 14:47:55] usingCrosstalk: FALSE
INFO  [2021-04-22 14:47:55] Inputs recieved:
INFO  [2021-04-22 14:47:55] data (head):
INFO  [2021-04-22 14:48:20] Inputs recieved:
INFO  [2021-04-22 14:48:20] data (head):
INFO  [2021-04-22 14:48:20] c(34268.068838497, 7989.85019236151, 594.286377944245, 50.1352705673128, 698.225353510625, 546.596730331435)c(41274.4618518115, 9117.66142749829, 672.560531750342, 112.96915181744, 1229.52472210609, 534.633078949979)c(41246.4916854995, 9493.75485598282, 713.382717830967, 132.107910709438, 1055.66230466906, 559.657149005439)c(29344.7126779444, 6820.91938301778, 72.0395916289874, 127.387082758575, 410.274259643136, 746.751864446821)c(22932.5107924837, 6899.05050107067, 107.083079725592, 141.661990886981, 366.98263780958, 732.292102498447)c(24643.327189291, 7711.52782477406, 113.925545824173, 295.590605381637, 464.939389714867, 648.14398367536)c(24424.9876515564, 7387.36146127956, 122.391005661394, 256.755044485315, 383.137061200885, 762.283111347594)
INFO  [2021-04-22 14:48:20] countsData (head):
INFO  [2021-04-22 14:48:20] 
INFO  [2021-04-22 14:48:20] annotation (head):
INFO  [2021-04-22 14:48:20] c("treated", "treated", "treated", "untreated", "untreated", "untreated")c("single-read", "paired-end", "paired-end", "single-read", "single-read", "paired-end")c("treated:single-read", "treated:paired-end", "treated:paired-end", "untreated:single-read", "untreated:single-read", "untreated:paired-end")
INFO  [2021-04-22 14:48:20] targetCol: gene
INFO  [2021-04-22 14:48:20] sampleCol: sampleID
INFO  [2021-04-22 14:48:20] mode: counts
INFO  [2021-04-22 14:48:20] plotName: ContrApption
INFO  [2021-04-22 14:48:20] yAxisName: Expression
INFO  [2021-04-22 14:48:20] showLegend: FALSE
INFO  [2021-04-22 14:48:20] scaleWidth: 1
INFO  [2021-04-22 14:48:20] Inputs submitted to JS:
INFO  [2021-04-22 14:48:20] data (head):
INFO  [2021-04-22 14:48:20] c(34268.068838497, 7989.85019236151, 594.286377944245, 50.1352705673128, 698.225353510625, 546.596730331435)c(41274.4618518115, 9117.66142749829, 672.560531750342, 112.96915181744, 1229.52472210609, 534.633078949979)c(41246.4916854995, 9493.75485598282, 713.382717830967, 132.107910709438, 1055.66230466906, 559.657149005439)c(29344.7126779444, 6820.91938301778, 72.0395916289874, 127.387082758575, 410.274259643136, 746.751864446821)c(22932.5107924837, 6899.05050107067, 107.083079725592, 141.661990886981, 366.98263780958, 732.292102498447)c(24643.327189291, 7711.52782477406, 113.925545824173, 295.590605381637, 464.939389714867, 648.14398367536)c(24424.9876515564, 7387.36146127956, 122.391005661394, 256.755044485315, 383.137061200885, 762.283111347594)c("FBgn0000043", "FBgn0000064", "FBgn0000071", "FBgn0000079", "FBgn0000116", "FBgn0000139")
INFO  [2021-04-22 14:48:20] countsData (head):
INFO  [2021-04-22 14:48:20] c(34268.068838497, 7989.85019236151, 594.286377944245, 50.1352705673128, 698.225353510625, 546.596730331435)c(41274.4618518115, 9117.66142749829, 672.560531750342, 112.96915181744, 1229.52472210609, 534.633078949979)c(41246.4916854995, 9493.75485598282, 713.382717830967, 132.107910709438, 1055.66230466906, 559.657149005439)c(29344.7126779444, 6820.91938301778, 72.0395916289874, 127.387082758575, 410.274259643136, 746.751864446821)c(22932.5107924837, 6899.05050107067, 107.083079725592, 141.661990886981, 366.98263780958, 732.292102498447)c(24643.327189291, 7711.52782477406, 113.925545824173, 295.590605381637, 464.939389714867, 648.14398367536)c(24424.9876515564, 7387.36146127956, 122.391005661394, 256.755044485315, 383.137061200885, 762.283111347594)c("FBgn0000043", "FBgn0000064", "FBgn0000071", "FBgn0000079", "FBgn0000116", "FBgn0000139")
INFO  [2021-04-22 14:48:20] annotation (head):
INFO  [2021-04-22 14:48:20] c("treated", "treated", "treated", "untreated", "untreated", "untreated")c("single-read", "paired-end", "paired-end", "single-read", "single-read", "paired-end")c("treated:single-read", "treated:paired-end", "treated:paired-end", "untreated:single-read", "untreated:single-read", "untreated:paired-end")c("treated1", "treated2", "treated3", "untreated1", "untreated2", "untreated3")
INFO  [2021-04-22 14:48:20] targetCol: gene
INFO  [2021-04-22 14:48:20] sampleCol: sampleID
INFO  [2021-04-22 14:48:20] mode: counts
INFO  [2021-04-22 14:48:20] plotName: ContrApption
INFO  [2021-04-22 14:48:20] yAxisName: Expression
INFO  [2021-04-22 14:48:20] showLegend: FALSE
INFO  [2021-04-22 14:48:20] scaleWidth: 1
INFO  [2021-04-22 14:48:20] usingCrosstalk: FALSE
INFO  [2021-04-22 14:48:20] Inputs recieved:
INFO  [2021-04-22 14:48:20] data (head):
INFO  [2021-04-22 14:48:40] Inputs recieved:
INFO  [2021-04-22 14:48:40] data (head):
INFO  [2021-04-22 14:48:40] c(34268.068838497, 7989.85019236151, 594.286377944245, 50.1352705673128, 698.225353510625, 546.596730331435)c(41274.4618518115, 9117.66142749829, 672.560531750342, 112.96915181744, 1229.52472210609, 534.633078949979)c(41246.4916854995, 9493.75485598282, 713.382717830967, 132.107910709438, 1055.66230466906, 559.657149005439)c(29344.7126779444, 6820.91938301778, 72.0395916289874, 127.387082758575, 410.274259643136, 746.751864446821)c(22932.5107924837, 6899.05050107067, 107.083079725592, 141.661990886981, 366.98263780958, 732.292102498447)c(24643.327189291, 7711.52782477406, 113.925545824173, 295.590605381637, 464.939389714867, 648.14398367536)c(24424.9876515564, 7387.36146127956, 122.391005661394, 256.755044485315, 383.137061200885, 762.283111347594)c("FBgn0000043", "FBgn0000064", "FBgn0000071", "FBgn0000079", "FBgn0000116", "FBgn0000139")
INFO  [2021-04-22 14:48:40] countsData (head):
INFO  [2021-04-22 14:48:40] 
INFO  [2021-04-22 14:48:40] annotation (head):
INFO  [2021-04-22 14:48:40] c("treated", "treated", "treated", "untreated", "untreated", "untreated")c("single-read", "paired-end", "paired-end", "single-read", "single-read", "paired-end")c("treated:single-read", "treated:paired-end", "treated:paired-end", "untreated:single-read", "untreated:single-read", "untreated:paired-end")
INFO  [2021-04-22 14:48:40] targetCol: gene
INFO  [2021-04-22 14:48:40] sampleCol: sampleID
INFO  [2021-04-22 14:48:40] mode: counts
INFO  [2021-04-22 14:48:40] plotName: ContrApption
INFO  [2021-04-22 14:48:40] yAxisName: Expression
INFO  [2021-04-22 14:48:40] showLegend: FALSE
INFO  [2021-04-22 14:48:40] scaleWidth: 1
INFO  [2021-04-22 14:49:58] Inputs recieved:
INFO  [2021-04-22 14:49:58] data (head):
INFO  [2021-04-22 14:49:58] c(34268.068838497, 7989.85019236151, 594.286377944245, 50.1352705673128, 698.225353510625, 546.596730331435)c(41274.4618518115, 9117.66142749829, 672.560531750342, 112.96915181744, 1229.52472210609, 534.633078949979)c(41246.4916854995, 9493.75485598282, 713.382717830967, 132.107910709438, 1055.66230466906, 559.657149005439)c(29344.7126779444, 6820.91938301778, 72.0395916289874, 127.387082758575, 410.274259643136, 746.751864446821)c(22932.5107924837, 6899.05050107067, 107.083079725592, 141.661990886981, 366.98263780958, 732.292102498447)c(24643.327189291, 7711.52782477406, 113.925545824173, 295.590605381637, 464.939389714867, 648.14398367536)c(24424.9876515564, 7387.36146127956, 122.391005661394, 256.755044485315, 383.137061200885, 762.283111347594)c("FBgn0000043", "FBgn0000064", "FBgn0000071", "FBgn0000079", "FBgn0000116", "FBgn0000139")
INFO  [2021-04-22 14:49:58] countsData (head):
INFO  [2021-04-22 14:49:58] 
INFO  [2021-04-22 14:49:58] annotation (head):
INFO  [2021-04-22 14:49:58] c("treated", "treated", "treated", "untreated", "untreated", "untreated")c("single-read", "paired-end", "paired-end", "single-read", "single-read", "paired-end")c("treated:single-read", "treated:paired-end", "treated:paired-end", "untreated:single-read", "untreated:single-read", "untreated:paired-end")
INFO  [2021-04-22 14:49:58] targetCol: gene
INFO  [2021-04-22 14:49:58] sampleCol: sampleID
INFO  [2021-04-22 14:49:58] mode: counts
INFO  [2021-04-22 14:49:58] plotName: ContrApption
INFO  [2021-04-22 14:49:58] yAxisName: Expression
INFO  [2021-04-22 14:49:58] showLegend: FALSE
INFO  [2021-04-22 14:49:58] scaleWidth: 1
INFO  [2021-04-22 14:50:16] Inputs recieved:
INFO  [2021-04-22 14:50:16] data (head):
INFO  [2021-04-22 14:50:16] c(34268.068838497, 7989.85019236151, 594.286377944245, 50.1352705673128, 698.225353510625, 546.596730331435)c(41274.4618518115, 9117.66142749829, 672.560531750342, 112.96915181744, 1229.52472210609, 534.633078949979)c(41246.4916854995, 9493.75485598282, 713.382717830967, 132.107910709438, 1055.66230466906, 559.657149005439)c(29344.7126779444, 6820.91938301778, 72.0395916289874, 127.387082758575, 410.274259643136, 746.751864446821)c(22932.5107924837, 6899.05050107067, 107.083079725592, 141.661990886981, 366.98263780958, 732.292102498447)c(24643.327189291, 7711.52782477406, 113.925545824173, 295.590605381637, 464.939389714867, 648.14398367536)c(24424.9876515564, 7387.36146127956, 122.391005661394, 256.755044485315, 383.137061200885, 762.283111347594)c("FBgn0000043", "FBgn0000064", "FBgn0000071", "FBgn0000079", "FBgn0000116", "FBgn0000139")
INFO  [2021-04-22 14:50:16] countsData (head):
INFO  [2021-04-22 14:50:16] 
INFO  [2021-04-22 14:50:16] annotation (head):
INFO  [2021-04-22 14:50:16] c("treated", "treated", "treated", "untreated", "untreated", "untreated")c("single-read", "paired-end", "paired-end", "single-read", "single-read", "paired-end")c("treated:single-read", "treated:paired-end", "treated:paired-end", "untreated:single-read", "untreated:single-read", "untreated:paired-end")
INFO  [2021-04-22 14:50:16] targetCol: gene
INFO  [2021-04-22 14:50:16] sampleCol: sampleID
INFO  [2021-04-22 14:50:16] mode: counts
INFO  [2021-04-22 14:50:16] plotName: ContrApption
INFO  [2021-04-22 14:50:16] yAxisName: Expression
INFO  [2021-04-22 14:50:16] showLegend: FALSE
INFO  [2021-04-22 14:50:16] scaleWidth: 1
INFO  [2021-04-22 14:51:27] Inputs recieved:
INFO  [2021-04-22 14:51:27] data (head):
INFO  [2021-04-22 14:51:27] c(34268.068838497, 7989.85019236151, 594.286377944245, 50.1352705673128, 698.225353510625, 546.596730331435)c(41274.4618518115, 9117.66142749829, 672.560531750342, 112.96915181744, 1229.52472210609, 534.633078949979)c(41246.4916854995, 9493.75485598282, 713.382717830967, 132.107910709438, 1055.66230466906, 559.657149005439)c(29344.7126779444, 6820.91938301778, 72.0395916289874, 127.387082758575, 410.274259643136, 746.751864446821)c(22932.5107924837, 6899.05050107067, 107.083079725592, 141.661990886981, 366.98263780958, 732.292102498447)c(24643.327189291, 7711.52782477406, 113.925545824173, 295.590605381637, 464.939389714867, 648.14398367536)c(24424.9876515564, 7387.36146127956, 122.391005661394, 256.755044485315, 383.137061200885, 762.283111347594)c("FBgn0000043", "FBgn0000064", "FBgn0000071", "FBgn0000079", "FBgn0000116", "FBgn0000139")
INFO  [2021-04-22 14:51:27] countsData (head):
INFO  [2021-04-22 14:51:27] 
INFO  [2021-04-22 14:51:27] annotation (head):
INFO  [2021-04-22 14:51:27] c("treated", "treated", "treated", "untreated", "untreated", "untreated")c("single-read", "paired-end", "paired-end", "single-read", "single-read", "paired-end")c("treated:single-read", "treated:paired-end", "treated:paired-end", "untreated:single-read", "untreated:single-read", "untreated:paired-end")
INFO  [2021-04-22 14:51:27] targetCol: gene
INFO  [2021-04-22 14:51:27] sampleCol: sampleID
INFO  [2021-04-22 14:51:27] mode: counts
INFO  [2021-04-22 14:51:27] plotName: ContrApption
INFO  [2021-04-22 14:51:27] yAxisName: Expression
INFO  [2021-04-22 14:51:27] showLegend: FALSE
INFO  [2021-04-22 14:51:27] scaleWidth: 1
